<?xml version="1.0" encoding="UTF-8"?>
<!-- Generated by org.testng.reporters.JUnitXMLReporter -->
<testsuite hostname="kmg-197" name="Test" tests="9" failures="0" timestamp="25 Apr 2019 13:08:22 GMT" time="241.374" errors="0">
  <testcase name="login" time="19.243" classname="com.kmginfotech.medusaemr.scenarios.CreatePatient"/>
  <testcase name="selectDatabase" time="10.565" classname="com.kmginfotech.medusaemr.scenarios.CreatePatient"/>
  <testcase name="selectClientId" time="7.732" classname="com.kmginfotech.medusaemr.scenarios.CreatePatient"/>
  <testcase name="selectPreferenceEmr" time="7.629" classname="com.kmginfotech.medusaemr.scenarios.CreatePatient"/>
  <testcase name="moveToTheWindowEhr" time="25.135" classname="com.kmginfotech.medusaemr.scenarios.CreatePatient"/>
  <testcase name="moveToTheFrontDesk" time="15.336" classname="com.kmginfotech.medusaemr.scenarios.CreatePatient"/>
  <testcase name="moveToTheAddNewPatirntForm" time="16.383" classname="com.kmginfotech.medusaemr.scenarios.CreatePatient"/>
  <testcase name="createNewPatient" time="54.511" classname="com.kmginfotech.medusaemr.scenarios.CreatePatient"/>
  <testcase name="checkedIn" time="35.892" classname="com.kmginfotech.medusaemr.scenarios.CreatePatient"/>
</testsuite> <!-- Test -->
